<?xml version="1.0" encoding="UTF-8"?>
<testsuite xmlns:xsi="http://www.w3.org/2001/XMLSchema-instance" xsi:noNamespaceSchemaLocation="https://maven.apache.org/surefire/maven-surefire-plugin/xsd/surefire-test-report.xsd" version="3.0.2" name="com.mycompany.programming1a_poe.MessageTest" time="0.048" tests="6" errors="0" skipped="0" failures="0">
  <properties>
[...]
</properties>
  <testcase name="testDeleteMessageByIDExecution" classname="com.mycompany.programming1a_poe.MessageTest" time="0.014"/>
  <testcase name="testSearchRecipientNotFound" classname="com.mycompany.programming1a_poe.MessageTest" time="0.005"/>
  <testcase name="testGenerateMessageID" classname="com.mycompany.programming1a_poe.MessageTest" time="0.004"/>
  <testcase name="testSearchRecipientSuccess" classname="com.mycompany.programming1a_poe.MessageTest" time="0.004"/>
  <testcase name="testSearchByMessageIDCaseInsensitive" classname="com.mycompany.programming1a_poe.MessageTest" time="0.005"/>
  <testcase name="testLongestMessageCalculation" classname="com.mycompany.programming1a_poe.MessageTest" time="0.005"/>
</testsuite>